<?xml version="1.0" encoding="UTF-8"?>
<!-- Generated by org.testng.reporters.JUnitReportReporter -->
<testsuite hostname="sufs-440S5J3" failures="0" tests="1" name="DataProviderWithExcel" time="0.000" errors="0" timestamp="2024-05-16T20:59:13 IST" skipped="1">
  <testcase classname="DataProviderWithExcel" name="mYTestOne" time="0.000">
    <skipped/>
  </testcase> <!-- mYTestOne -->
  <system-out/>
</testsuite> <!-- DataProviderWithExcel -->
