<?xml version="1.0" encoding="UTF-8"?>
<!-- Generated by org.testng.reporters.JUnitReportReporter -->
<testsuite hostname="sufs-440S5J3" failures="0" tests="1" name="com.auceSelenium.tests.LoginLogoutTest" time="30.179" errors="0" timestamp="2024-05-06T14:38:15 IST" skipped="0">
  <testcase classname="com.auceSelenium.tests.LoginLogoutTest" name="test3" time="30.179"/>
  <system-out/>
</testsuite> <!-- com.auceSelenium.tests.LoginLogoutTest -->
