<?xml version="1.0" encoding="UTF-8"?>
<!-- Generated by org.testng.reporters.JUnitReportReporter -->
<testsuite hostname="sufs-440S5J3" failures="0" tests="1" name="com.auceSelenium.tests.LoginPageTest" time="13.603" errors="0" timestamp="2024-05-01T20:19:46 IST" skipped="0">
  <testcase classname="com.auceSelenium.tests.LoginPageTest" name="test1" time="13.603"/>
  <system-out/>
</testsuite> <!-- com.auceSelenium.tests.LoginPageTest -->
